<?xml version="1.0" encoding="UTF-8"?>
<testsuite name="CalculadoraTest" tests="6" skipped="0" failures="0" errors="0" timestamp="2022-05-26T15:17:03" hostname="SERIALEXPERIMEN" time="0.046">
  <properties/>
  <testcase name="subTest()" classname="CalculadoraTest" time="0.033"/>
  <testcase name="multiTest()" classname="CalculadoraTest" time="0.001"/>
  <testcase name="divisaoTest()" classname="CalculadoraTest" time="0.001"/>
  <testcase name="potTest()" classname="CalculadoraTest" time="0.002"/>
  <testcase name="raizTest()" classname="CalculadoraTest" time="0.002"/>
  <testcase name="somaTest()" classname="CalculadoraTest" time="0.001"/>
  <system-out><![CDATA[]]></system-out>
  <system-err><![CDATA[]]></system-err>
</testsuite>
